<?xml version="1.0" encoding="UTF-8"?>
<!-- Generated by org.testng.reporters.JUnitReportReporter -->
<testsuite hostname="LIN-5CG1349MD2" failures="0" tests="3" name="step_definition.Excelexe" time="24.589" errors="0" timestamp="2024-04-02T11:41:43 IST" skipped="0">
  <testcase classname="step_definition.Excelexe" name="TestExcel" time="7.466"/>
  <system-out/>
  <testcase classname="step_definition.Excelexe" name="TestExcel" time="9.044"/>
  <system-out/>
  <testcase classname="step_definition.Excelexe" name="TestExcel" time="8.079"/>
  <system-out/>
</testsuite> <!-- step_definition.Excelexe -->
