<?xml version="1.0" encoding="UTF-8"?>
<!-- Generated by org.testng.reporters.JUnitReportReporter -->
<testsuite hostname="LIN-5CG1349MD2" failures="0" tests="5" name="runner.Acresrunner" time="62.025" errors="0" timestamp="2024-04-02T16:07:20 IST" skipped="0">
  <testcase classname="runner.Acresrunner" name="runScenario" time="12.427"/>
  <system-out/>
  <testcase classname="runner.Acresrunner" name="runScenario" time="13.944"/>
  <system-out/>
  <testcase classname="runner.Acresrunner" name="runScenario" time="10.120"/>
  <system-out/>
  <testcase classname="runner.Acresrunner" name="runScenario" time="9.254"/>
  <system-out/>
  <testcase classname="runner.Acresrunner" name="runScenario" time="16.280"/>
  <system-out/>
</testsuite> <!-- runner.Acresrunner -->
